mode: set
i18n-go/src/translator/Errors.go:10.43,12.2 1 0
i18n-go/src/translator/Translator.go:15.56,20.2 1 0
i18n-go/src/translator/Translator.go:22.94,23.59 1 0
i18n-go/src/translator/Translator.go:23.59,24.47 1 0
i18n-go/src/translator/Translator.go:24.47,26.4 1 0
i18n-go/src/translator/Translator.go:29.2,29.81 1 0
i18n-go/src/translator/Translator.go:29.81,30.47 1 0
i18n-go/src/translator/Translator.go:30.47,33.4 2 0
i18n-go/src/translator/Translator.go:36.2,39.3 1 0
i18n-go/src/translator/Translator.go:42.83,43.52 1 0
i18n-go/src/translator/Translator.go:43.52,48.3 1 0
i18n-go/src/translator/Translator.go:48.8,51.69 2 0
i18n-go/src/translator/Translator.go:51.69,56.4 1 0
i18n-go/src/translator/Translator.go:58.3,62.13 4 0
i18n-go/src/translator/Errors.go:10.43,12.2 1 1
i18n-go/src/translator/Translator.go:15.56,20.2 1 1
i18n-go/src/translator/Translator.go:22.94,23.59 1 1
i18n-go/src/translator/Translator.go:23.59,24.47 1 1
i18n-go/src/translator/Translator.go:24.47,26.4 1 1
i18n-go/src/translator/Translator.go:29.2,29.81 1 1
i18n-go/src/translator/Translator.go:29.81,30.47 1 1
i18n-go/src/translator/Translator.go:30.47,33.4 2 1
i18n-go/src/translator/Translator.go:36.2,39.3 1 1
i18n-go/src/translator/Translator.go:42.83,43.52 1 1
i18n-go/src/translator/Translator.go:43.52,48.3 1 1
i18n-go/src/translator/Translator.go:48.8,51.69 2 1
i18n-go/src/translator/Translator.go:51.69,56.4 1 1
i18n-go/src/translator/Translator.go:58.3,62.13 4 1
